[ 2014-10-14T00:07:38+08:00 ] 127.0.0.1 /blog/
INFO: [ app_init ] --START--
INFO: Run Behavior\BuildLiteBehavior [ RunTime:0.000020s ]
INFO: [ app_init ] --END-- [ RunTime:0.000152s ]
INFO: [ app_begin ] --START--
INFO: Run Behavior\ReadHtmlCacheBehavior [ RunTime:0.000064s ]
INFO: [ app_begin ] --END-- [ RunTime:0.000166s ]
NOTIC: [8] session_start(): ps_files_cleanup_dir: opendir(/var/lib/php5) failed: Permission denied (13) /home/songkang/www/blog/ThinkPHP/Common/functions.php 第 1191 行.
NOTIC: [8192] mysql_connect(): The mysql extension is deprecated and will be removed in the future: use mysqli or PDO instead /home/songkang/www/blog/ThinkPHP/Library/Think/Db/Driver/Mysql.class.php 第 52 行.
SQL: SHOW COLUMNS FROM `sk_article` [ RunTime:0.001057s ]
SQL: SELECT * FROM `sk_article` WHERE ( type='article' )  [ RunTime:0.000240s ]
SQL: SHOW COLUMNS FROM `sk_option` [ RunTime:0.000575s ]
SQL: SELECT `meta_value` FROM `sk_option` WHERE ( meta_key='theme' AND type='public' ) LIMIT 1   [ RunTime:0.000051s ]
SQL: SELECT `tag` FROM `sk_article`  [ RunTime:0.000044s ]
SQL: SELECT `meta_value` FROM `sk_option` WHERE ( meta_key='site_name' AND type='public' ) LIMIT 1   [ RunTime:0.000042s ]
INFO: [ view_filter ] --START--
INFO: Run Behavior\WriteHtmlCacheBehavior [ RunTime:0.000048s ]
INFO: [ view_filter ] --END-- [ RunTime:0.000088s ]
SQL: SELECT `tag` FROM `sk_article`  [ RunTime:0.000037s ]
NOTIC: [8] Undefined variable: nav_index /home/songkang/www/blog/Theme/default/Public/sidebar.php 第 3 行.
INFO: [ view_filter ] --START--
INFO: Run Behavior\WriteHtmlCacheBehavior [ RunTime:0.000009s ]
INFO: [ view_filter ] --END-- [ RunTime:-0.000315s ]
SQL: SELECT `tag` FROM `sk_article`  [ RunTime:0.000037s ]
INFO: [ view_filter ] --START--
INFO: Run Behavior\WriteHtmlCacheBehavior [ RunTime:0.000009s ]
INFO: [ view_filter ] --END-- [ RunTime:-0.000605s ]
INFO: [ view_filter ] --START--
INFO: Run Behavior\WriteHtmlCacheBehavior [ RunTime:0.000008s ]
INFO: [ view_filter ] --END-- [ RunTime:-0.000683s ]
INFO: [ app_end ] --START--
INFO: Run Behavior\ShowPageTraceBehavior [ RunTime:0.000043s ]
INFO: [ app_end ] --END-- [ RunTime:0.000084s ]

[ 2014-10-14T00:07:51+08:00 ] 127.0.0.1 /blog/
INFO: [ app_init ] --START--
INFO: Run Behavior\BuildLiteBehavior [ RunTime:0.000017s ]
INFO: [ app_init ] --END-- [ RunTime:0.000128s ]
INFO: [ app_begin ] --START--
INFO: Run Behavior\ReadHtmlCacheBehavior [ RunTime:0.000057s ]
INFO: [ app_begin ] --END-- [ RunTime:0.000121s ]
NOTIC: [8192] mysql_connect(): The mysql extension is deprecated and will be removed in the future: use mysqli or PDO instead /home/songkang/www/blog/ThinkPHP/Library/Think/Db/Driver/Mysql.class.php 第 52 行.
SQL: SHOW COLUMNS FROM `sk_article` [ RunTime:0.000851s ]
SQL: SELECT * FROM `sk_article` WHERE ( type='article' )  [ RunTime:0.000236s ]
SQL: SHOW COLUMNS FROM `sk_option` [ RunTime:0.000512s ]
SQL: SELECT `meta_value` FROM `sk_option` WHERE ( meta_key='theme' AND type='public' ) LIMIT 1   [ RunTime:0.000070s ]
SQL: SELECT `tag` FROM `sk_article`  [ RunTime:0.000068s ]
SQL: SELECT `meta_value` FROM `sk_option` WHERE ( meta_key='site_name' AND type='public' ) LIMIT 1   [ RunTime:0.000065s ]
INFO: [ view_filter ] --START--
INFO: Run Behavior\WriteHtmlCacheBehavior [ RunTime:0.000042s ]
INFO: [ view_filter ] --END-- [ RunTime:0.000083s ]
SQL: SELECT `tag` FROM `sk_article`  [ RunTime:0.000098s ]
NOTIC: [8] Undefined variable: nav_index /home/songkang/www/blog/Theme/default/Public/sidebar.php 第 3 行.
INFO: [ view_filter ] --START--
INFO: Run Behavior\WriteHtmlCacheBehavior [ RunTime:0.000009s ]
INFO: [ view_filter ] --END-- [ RunTime:-0.000412s ]
SQL: SELECT `tag` FROM `sk_article`  [ RunTime:0.000057s ]
INFO: [ view_filter ] --START--
INFO: Run Behavior\WriteHtmlCacheBehavior [ RunTime:0.000009s ]
INFO: [ view_filter ] --END-- [ RunTime:-0.000729s ]
INFO: [ view_filter ] --START--
INFO: Run Behavior\WriteHtmlCacheBehavior [ RunTime:0.000009s ]
INFO: [ view_filter ] --END-- [ RunTime:-0.000809s ]
INFO: [ app_end ] --START--
INFO: Run Behavior\ShowPageTraceBehavior [ RunTime:0.000038s ]
INFO: [ app_end ] --END-- [ RunTime:0.000080s ]

[ 2014-10-14T00:08:53+08:00 ] 127.0.0.1 /blog/
INFO: [ app_init ] --START--
INFO: Run Behavior\BuildLiteBehavior [ RunTime:0.000023s ]
INFO: [ app_init ] --END-- [ RunTime:0.000178s ]
INFO: [ app_begin ] --START--
INFO: Run Behavior\ReadHtmlCacheBehavior [ RunTime:0.000127s ]
INFO: [ app_begin ] --END-- [ RunTime:0.000201s ]
NOTIC: [8192] mysql_connect(): The mysql extension is deprecated and will be removed in the future: use mysqli or PDO instead /home/songkang/www/blog/ThinkPHP/Library/Think/Db/Driver/Mysql.class.php 第 52 行.
SQL: SHOW COLUMNS FROM `sk_article` [ RunTime:0.000864s ]
SQL: SELECT * FROM `sk_article` WHERE ( type='article' )  [ RunTime:0.000455s ]
SQL: SHOW COLUMNS FROM `sk_option` [ RunTime:0.000798s ]
SQL: SELECT `meta_value` FROM `sk_option` WHERE ( meta_key='theme' AND type='public' ) LIMIT 1   [ RunTime:0.000086s ]
SQL: SELECT `tag` FROM `sk_article`  [ RunTime:0.000086s ]
SQL: SELECT `meta_value` FROM `sk_option` WHERE ( meta_key='site_name' AND type='public' ) LIMIT 1   [ RunTime:0.000097s ]
INFO: [ view_filter ] --START--
INFO: Run Behavior\WriteHtmlCacheBehavior [ RunTime:0.000094s ]
INFO: [ view_filter ] --END-- [ RunTime:0.000159s ]
SQL: SELECT `tag` FROM `sk_article`  [ RunTime:0.000073s ]
NOTIC: [8] Undefined variable: nav_index /home/songkang/www/blog/Theme/default/Public/sidebar.php 第 3 行.
INFO: [ view_filter ] --START--
INFO: Run Behavior\WriteHtmlCacheBehavior [ RunTime:0.000018s ]
INFO: [ view_filter ] --END-- [ RunTime:-0.000547s ]
SQL: SELECT `tag` FROM `sk_article`  [ RunTime:0.000092s ]
INFO: [ view_filter ] --START--
INFO: Run Behavior\WriteHtmlCacheBehavior [ RunTime:0.000019s ]
INFO: [ view_filter ] --END-- [ RunTime:-0.001107s ]
INFO: [ view_filter ] --START--
INFO: Run Behavior\WriteHtmlCacheBehavior [ RunTime:0.000014s ]
INFO: [ view_filter ] --END-- [ RunTime:-0.001253s ]
INFO: [ app_end ] --START--
INFO: Run Behavior\ShowPageTraceBehavior [ RunTime:0.000077s ]
INFO: [ app_end ] --END-- [ RunTime:0.000144s ]

[ 2014-10-14T00:08:54+08:00 ] 127.0.0.1 /blog/
INFO: [ app_init ] --START--
INFO: Run Behavior\BuildLiteBehavior [ RunTime:0.000018s ]
INFO: [ app_init ] --END-- [ RunTime:0.000126s ]
INFO: [ app_begin ] --START--
INFO: Run Behavior\ReadHtmlCacheBehavior [ RunTime:0.000062s ]
INFO: [ app_begin ] --END-- [ RunTime:0.000130s ]
NOTIC: [8192] mysql_connect(): The mysql extension is deprecated and will be removed in the future: use mysqli or PDO instead /home/songkang/www/blog/ThinkPHP/Library/Think/Db/Driver/Mysql.class.php 第 52 行.
SQL: SHOW COLUMNS FROM `sk_article` [ RunTime:0.000969s ]
SQL: SELECT * FROM `sk_article` WHERE ( type='article' )  [ RunTime:0.000368s ]
SQL: SHOW COLUMNS FROM `sk_option` [ RunTime:0.000793s ]
SQL: SELECT `meta_value` FROM `sk_option` WHERE ( meta_key='theme' AND type='public' ) LIMIT 1   [ RunTime:0.000079s ]
SQL: SELECT `tag` FROM `sk_article`  [ RunTime:0.000077s ]
SQL: SELECT `meta_value` FROM `sk_option` WHERE ( meta_key='site_name' AND type='public' ) LIMIT 1   [ RunTime:0.000076s ]
INFO: [ view_filter ] --START--
INFO: Run Behavior\WriteHtmlCacheBehavior [ RunTime:0.000074s ]
INFO: [ view_filter ] --END-- [ RunTime:0.000141s ]
SQL: SELECT `tag` FROM `sk_article`  [ RunTime:0.000090s ]
NOTIC: [8] Undefined variable: nav_index /home/songkang/www/blog/Theme/default/Public/sidebar.php 第 3 行.
INFO: [ view_filter ] --START--
INFO: Run Behavior\WriteHtmlCacheBehavior [ RunTime:0.000016s ]
INFO: [ view_filter ] --END-- [ RunTime:-0.000576s ]
SQL: SELECT `tag` FROM `sk_article`  [ RunTime:0.000075s ]
INFO: [ view_filter ] --START--
INFO: Run Behavior\WriteHtmlCacheBehavior [ RunTime:0.000015s ]
INFO: [ view_filter ] --END-- [ RunTime:-0.001054s ]
INFO: [ view_filter ] --START--
INFO: Run Behavior\WriteHtmlCacheBehavior [ RunTime:0.000013s ]
INFO: [ view_filter ] --END-- [ RunTime:-0.001180s ]
INFO: [ app_end ] --START--
INFO: Run Behavior\ShowPageTraceBehavior [ RunTime:0.000059s ]
INFO: [ app_end ] --END-- [ RunTime:0.000121s ]

[ 2014-10-14T00:08:55+08:00 ] 127.0.0.1 /blog/
INFO: [ app_init ] --START--
INFO: Run Behavior\BuildLiteBehavior [ RunTime:0.000023s ]
INFO: [ app_init ] --END-- [ RunTime:0.000152s ]
INFO: [ app_begin ] --START--
INFO: Run Behavior\ReadHtmlCacheBehavior [ RunTime:0.000057s ]
INFO: [ app_begin ] --END-- [ RunTime:0.000122s ]
NOTIC: [8192] mysql_connect(): The mysql extension is deprecated and will be removed in the future: use mysqli or PDO instead /home/songkang/www/blog/ThinkPHP/Library/Think/Db/Driver/Mysql.class.php 第 52 行.
SQL: SHOW COLUMNS FROM `sk_article` [ RunTime:0.000813s ]
SQL: SELECT * FROM `sk_article` WHERE ( type='article' )  [ RunTime:0.000331s ]
SQL: SHOW COLUMNS FROM `sk_option` [ RunTime:0.000791s ]
SQL: SELECT `meta_value` FROM `sk_option` WHERE ( meta_key='theme' AND type='public' ) LIMIT 1   [ RunTime:0.000111s ]
SQL: SELECT `tag` FROM `sk_article`  [ RunTime:0.000152s ]
SQL: SELECT `meta_value` FROM `sk_option` WHERE ( meta_key='site_name' AND type='public' ) LIMIT 1   [ RunTime:0.000228s ]
INFO: [ view_filter ] --START--
INFO: Run Behavior\WriteHtmlCacheBehavior [ RunTime:0.000086s ]
INFO: [ view_filter ] --END-- [ RunTime:0.000179s ]
SQL: SELECT `tag` FROM `sk_article`  [ RunTime:0.000182s ]
NOTIC: [8] Undefined variable: nav_index /home/songkang/www/blog/Theme/default/Public/sidebar.php 第 3 行.
INFO: [ view_filter ] --START--
INFO: Run Behavior\WriteHtmlCacheBehavior [ RunTime:0.000010s ]
INFO: [ view_filter ] --END-- [ RunTime:-0.000735s ]
SQL: SELECT `tag` FROM `sk_article`  [ RunTime:0.000087s ]
INFO: [ view_filter ] --START--
INFO: Run Behavior\WriteHtmlCacheBehavior [ RunTime:0.000011s ]
INFO: [ view_filter ] --END-- [ RunTime:-0.001143s ]
INFO: [ view_filter ] --START--
INFO: Run Behavior\WriteHtmlCacheBehavior [ RunTime:0.000022s ]
INFO: [ view_filter ] --END-- [ RunTime:-0.001245s ]
INFO: [ app_end ] --START--
INFO: Run Behavior\ShowPageTraceBehavior [ RunTime:0.000067s ]
INFO: [ app_end ] --END-- [ RunTime:0.000149s ]

[ 2014-10-14T00:08:55+08:00 ] 127.0.0.1 /blog/
INFO: [ app_init ] --START--
INFO: Run Behavior\BuildLiteBehavior [ RunTime:0.000013s ]
INFO: [ app_init ] --END-- [ RunTime:0.000087s ]
INFO: [ app_begin ] --START--
INFO: Run Behavior\ReadHtmlCacheBehavior [ RunTime:0.000042s ]
INFO: [ app_begin ] --END-- [ RunTime:0.000086s ]
NOTIC: [8192] mysql_connect(): The mysql extension is deprecated and will be removed in the future: use mysqli or PDO instead /home/songkang/www/blog/ThinkPHP/Library/Think/Db/Driver/Mysql.class.php 第 52 行.
SQL: SHOW COLUMNS FROM `sk_article` [ RunTime:0.000894s ]
SQL: SELECT * FROM `sk_article` WHERE ( type='article' )  [ RunTime:0.000352s ]
SQL: SHOW COLUMNS FROM `sk_option` [ RunTime:0.000943s ]
SQL: SELECT `meta_value` FROM `sk_option` WHERE ( meta_key='theme' AND type='public' ) LIMIT 1   [ RunTime:0.000067s ]
SQL: SELECT `tag` FROM `sk_article`  [ RunTime:0.000065s ]
SQL: SELECT `meta_value` FROM `sk_option` WHERE ( meta_key='site_name' AND type='public' ) LIMIT 1   [ RunTime:0.000059s ]
INFO: [ view_filter ] --START--
INFO: Run Behavior\WriteHtmlCacheBehavior [ RunTime:0.000054s ]
INFO: [ view_filter ] --END-- [ RunTime:0.000111s ]
SQL: SELECT `tag` FROM `sk_article`  [ RunTime:0.000064s ]
NOTIC: [8] Undefined variable: nav_index /home/songkang/www/blog/Theme/default/Public/sidebar.php 第 3 行.
INFO: [ view_filter ] --START--
INFO: Run Behavior\WriteHtmlCacheBehavior [ RunTime:0.000013s ]
INFO: [ view_filter ] --END-- [ RunTime:-0.000464s ]
SQL: SELECT `tag` FROM `sk_article`  [ RunTime:0.000059s ]
INFO: [ view_filter ] --START--
INFO: Run Behavior\WriteHtmlCacheBehavior [ RunTime:0.000012s ]
INFO: [ view_filter ] --END-- [ RunTime:-0.000884s ]
INFO: [ view_filter ] --START--
INFO: Run Behavior\WriteHtmlCacheBehavior [ RunTime:0.000011s ]
INFO: [ view_filter ] --END-- [ RunTime:-0.000998s ]
INFO: [ app_end ] --START--
INFO: Run Behavior\ShowPageTraceBehavior [ RunTime:0.000080s ]
INFO: [ app_end ] --END-- [ RunTime:0.000160s ]

[ 2014-10-14T00:08:55+08:00 ] 127.0.0.1 /blog/
INFO: [ app_init ] --START--
INFO: Run Behavior\BuildLiteBehavior [ RunTime:0.000033s ]
INFO: [ app_init ] --END-- [ RunTime:0.000212s ]
INFO: [ app_begin ] --START--
INFO: Run Behavior\ReadHtmlCacheBehavior [ RunTime:0.000088s ]
INFO: [ app_begin ] --END-- [ RunTime:0.000190s ]
NOTIC: [8192] mysql_connect(): The mysql extension is deprecated and will be removed in the future: use mysqli or PDO instead /home/songkang/www/blog/ThinkPHP/Library/Think/Db/Driver/Mysql.class.php 第 52 行.
SQL: SHOW COLUMNS FROM `sk_article` [ RunTime:0.000968s ]
SQL: SELECT * FROM `sk_article` WHERE ( type='article' )  [ RunTime:0.000269s ]
SQL: SHOW COLUMNS FROM `sk_option` [ RunTime:0.000860s ]
SQL: SELECT `meta_value` FROM `sk_option` WHERE ( meta_key='theme' AND type='public' ) LIMIT 1   [ RunTime:0.000093s ]
SQL: SELECT `tag` FROM `sk_article`  [ RunTime:0.000092s ]
SQL: SELECT `meta_value` FROM `sk_option` WHERE ( meta_key='site_name' AND type='public' ) LIMIT 1   [ RunTime:0.000085s ]
INFO: [ view_filter ] --START--
INFO: Run Behavior\WriteHtmlCacheBehavior [ RunTime:0.000044s ]
INFO: [ view_filter ] --END-- [ RunTime:0.000090s ]
SQL: SELECT `tag` FROM `sk_article`  [ RunTime:0.000059s ]
NOTIC: [8] Undefined variable: nav_index /home/songkang/www/blog/Theme/default/Public/sidebar.php 第 3 行.
INFO: [ view_filter ] --START--
INFO: Run Behavior\WriteHtmlCacheBehavior [ RunTime:0.000009s ]
INFO: [ view_filter ] --END-- [ RunTime:-0.000331s ]
SQL: SELECT `tag` FROM `sk_article`  [ RunTime:0.000054s ]
INFO: [ view_filter ] --START--
INFO: Run Behavior\WriteHtmlCacheBehavior [ RunTime:0.000009s ]
INFO: [ view_filter ] --END-- [ RunTime:-0.000628s ]
INFO: [ view_filter ] --START--
INFO: Run Behavior\WriteHtmlCacheBehavior [ RunTime:0.000009s ]
INFO: [ view_filter ] --END-- [ RunTime:-0.000737s ]
INFO: [ app_end ] --START--
INFO: Run Behavior\ShowPageTraceBehavior [ RunTime:0.000038s ]
INFO: [ app_end ] --END-- [ RunTime:0.000078s ]

[ 2014-10-14T00:09:13+08:00 ] 127.0.0.1 /blog/
INFO: [ app_init ] --START--
INFO: Run Behavior\BuildLiteBehavior [ RunTime:0.000020s ]
INFO: [ app_init ] --END-- [ RunTime:0.000175s ]
INFO: [ app_begin ] --START--
INFO: Run Behavior\ReadHtmlCacheBehavior [ RunTime:0.000066s ]
INFO: [ app_begin ] --END-- [ RunTime:0.000127s ]
NOTIC: [8192] mysql_connect(): The mysql extension is deprecated and will be removed in the future: use mysqli or PDO instead /home/songkang/www/blog/ThinkPHP/Library/Think/Db/Driver/Mysql.class.php 第 52 行.
SQL: SHOW COLUMNS FROM `sk_article` [ RunTime:0.000940s ]
SQL: SELECT * FROM `sk_article` WHERE ( type='article' )  [ RunTime:0.000409s ]
SQL: SHOW COLUMNS FROM `sk_option` [ RunTime:0.000863s ]
SQL: SELECT `meta_value` FROM `sk_option` WHERE ( meta_key='theme' AND type='public' ) LIMIT 1   [ RunTime:0.000097s ]
SQL: SELECT `tag` FROM `sk_article`  [ RunTime:0.000086s ]
SQL: SELECT `meta_value` FROM `sk_option` WHERE ( meta_key='site_name' AND type='public' ) LIMIT 1   [ RunTime:0.000121s ]
INFO: [ view_filter ] --START--
INFO: Run Behavior\WriteHtmlCacheBehavior [ RunTime:0.000104s ]
INFO: [ view_filter ] --END-- [ RunTime:0.000166s ]
SQL: SELECT `tag` FROM `sk_article`  [ RunTime:0.000087s ]
NOTIC: [8] Undefined variable: nav_index /home/songkang/www/blog/Theme/default/Public/sidebar.php 第 3 行.
INFO: [ view_filter ] --START--
INFO: Run Behavior\WriteHtmlCacheBehavior [ RunTime:0.000016s ]
INFO: [ view_filter ] --END-- [ RunTime:-0.000667s ]
SQL: SELECT `tag` FROM `sk_article`  [ RunTime:0.000077s ]
INFO: [ view_filter ] --START--
INFO: Run Behavior\WriteHtmlCacheBehavior [ RunTime:0.000013s ]
INFO: [ view_filter ] --END-- [ RunTime:-0.001158s ]
INFO: [ view_filter ] --START--
INFO: Run Behavior\WriteHtmlCacheBehavior [ RunTime:0.000012s ]
INFO: [ view_filter ] --END-- [ RunTime:-0.001280s ]
INFO: [ app_end ] --START--
INFO: Run Behavior\ShowPageTraceBehavior [ RunTime:0.000073s ]
INFO: [ app_end ] --END-- [ RunTime:0.000135s ]

[ 2014-10-14T00:09:14+08:00 ] 127.0.0.1 /blog/
INFO: [ app_init ] --START--
INFO: Run Behavior\BuildLiteBehavior [ RunTime:0.000020s ]
INFO: [ app_init ] --END-- [ RunTime:0.000136s ]
INFO: [ app_begin ] --START--
INFO: Run Behavior\ReadHtmlCacheBehavior [ RunTime:0.000056s ]
INFO: [ app_begin ] --END-- [ RunTime:0.000121s ]
NOTIC: [8192] mysql_connect(): The mysql extension is deprecated and will be removed in the future: use mysqli or PDO instead /home/songkang/www/blog/ThinkPHP/Library/Think/Db/Driver/Mysql.class.php 第 52 行.
SQL: SHOW COLUMNS FROM `sk_article` [ RunTime:0.000875s ]
SQL: SELECT * FROM `sk_article` WHERE ( type='article' )  [ RunTime:0.000357s ]
SQL: SHOW COLUMNS FROM `sk_option` [ RunTime:0.000625s ]
SQL: SELECT `meta_value` FROM `sk_option` WHERE ( meta_key='theme' AND type='public' ) LIMIT 1   [ RunTime:0.000076s ]
SQL: SELECT `tag` FROM `sk_article`  [ RunTime:0.000067s ]
SQL: SELECT `meta_value` FROM `sk_option` WHERE ( meta_key='site_name' AND type='public' ) LIMIT 1   [ RunTime:0.000060s ]
INFO: [ view_filter ] --START--
INFO: Run Behavior\WriteHtmlCacheBehavior [ RunTime:0.000047s ]
INFO: [ view_filter ] --END-- [ RunTime:0.000097s ]
SQL: SELECT `tag` FROM `sk_article`  [ RunTime:0.000073s ]
NOTIC: [8] Undefined variable: nav_index /home/songkang/www/blog/Theme/default/Public/sidebar.php 第 3 行.
INFO: [ view_filter ] --START--
INFO: Run Behavior\WriteHtmlCacheBehavior [ RunTime:0.000016s ]
INFO: [ view_filter ] --END-- [ RunTime:-0.000527s ]
SQL: SELECT `tag` FROM `sk_article`  [ RunTime:0.000068s ]
INFO: [ view_filter ] --START--
INFO: Run Behavior\WriteHtmlCacheBehavior [ RunTime:0.000010s ]
INFO: [ view_filter ] --END-- [ RunTime:-0.000953s ]
INFO: [ view_filter ] --START--
INFO: Run Behavior\WriteHtmlCacheBehavior [ RunTime:0.000009s ]
INFO: [ view_filter ] --END-- [ RunTime:-0.001044s ]
INFO: [ app_end ] --START--
INFO: Run Behavior\ShowPageTraceBehavior [ RunTime:0.000046s ]
INFO: [ app_end ] --END-- [ RunTime:0.000092s ]

[ 2014-10-14T00:09:14+08:00 ] 127.0.0.1 /blog/
INFO: [ app_init ] --START--
INFO: Run Behavior\BuildLiteBehavior [ RunTime:0.000024s ]
INFO: [ app_init ] --END-- [ RunTime:0.000179s ]
INFO: [ app_begin ] --START--
INFO: Run Behavior\ReadHtmlCacheBehavior [ RunTime:0.000062s ]
INFO: [ app_begin ] --END-- [ RunTime:0.000123s ]
NOTIC: [8192] mysql_connect(): The mysql extension is deprecated and will be removed in the future: use mysqli or PDO instead /home/songkang/www/blog/ThinkPHP/Library/Think/Db/Driver/Mysql.class.php 第 52 行.
SQL: SHOW COLUMNS FROM `sk_article` [ RunTime:0.000895s ]
SQL: SELECT * FROM `sk_article` WHERE ( type='article' )  [ RunTime:0.000353s ]
SQL: SHOW COLUMNS FROM `sk_option` [ RunTime:0.000820s ]
SQL: SELECT `meta_value` FROM `sk_option` WHERE ( meta_key='theme' AND type='public' ) LIMIT 1   [ RunTime:0.000098s ]
SQL: SELECT `tag` FROM `sk_article`  [ RunTime:0.000110s ]
SQL: SELECT `meta_value` FROM `sk_option` WHERE ( meta_key='site_name' AND type='public' ) LIMIT 1   [ RunTime:0.000078s ]
INFO: [ view_filter ] --START--
INFO: Run Behavior\WriteHtmlCacheBehavior [ RunTime:0.000051s ]
INFO: [ view_filter ] --END-- [ RunTime:0.000094s ]
SQL: SELECT `tag` FROM `sk_article`  [ RunTime:0.000065s ]
NOTIC: [8] Undefined variable: nav_index /home/songkang/www/blog/Theme/default/Public/sidebar.php 第 3 行.
INFO: [ view_filter ] --START--
INFO: Run Behavior\WriteHtmlCacheBehavior [ RunTime:0.000009s ]
INFO: [ view_filter ] --END-- [ RunTime:-0.000390s ]
SQL: SELECT `tag` FROM `sk_article`  [ RunTime:0.000055s ]
INFO: [ view_filter ] --START--
INFO: Run Behavior\WriteHtmlCacheBehavior [ RunTime:0.000009s ]
INFO: [ view_filter ] --END-- [ RunTime:-0.000704s ]
INFO: [ view_filter ] --START--
INFO: Run Behavior\WriteHtmlCacheBehavior [ RunTime:0.000008s ]
INFO: [ view_filter ] --END-- [ RunTime:-0.000787s ]
INFO: [ app_end ] --START--
INFO: Run Behavior\ShowPageTraceBehavior [ RunTime:0.000040s ]
INFO: [ app_end ] --END-- [ RunTime:0.000084s ]

[ 2014-10-14T00:09:27+08:00 ] 127.0.0.1 /blog/
INFO: [ app_init ] --START--
INFO: Run Behavior\BuildLiteBehavior [ RunTime:0.000019s ]
INFO: [ app_init ] --END-- [ RunTime:0.000139s ]
INFO: [ app_begin ] --START--
INFO: Run Behavior\ReadHtmlCacheBehavior [ RunTime:0.000084s ]
INFO: [ app_begin ] --END-- [ RunTime:0.000139s ]
NOTIC: [8192] mysql_connect(): The mysql extension is deprecated and will be removed in the future: use mysqli or PDO instead /home/songkang/www/blog/ThinkPHP/Library/Think/Db/Driver/Mysql.class.php 第 52 行.
SQL: SHOW COLUMNS FROM `sk_article` [ RunTime:0.000826s ]
SQL: SELECT * FROM `sk_article` WHERE ( type='article' )  [ RunTime:0.000333s ]
SQL: SHOW COLUMNS FROM `sk_option` [ RunTime:0.000740s ]
SQL: SELECT `meta_value` FROM `sk_option` WHERE ( meta_key='theme' AND type='public' ) LIMIT 1   [ RunTime:0.000059s ]
SQL: SELECT `tag` FROM `sk_article`  [ RunTime:0.000067s ]
SQL: SELECT `meta_value` FROM `sk_option` WHERE ( meta_key='site_name' AND type='public' ) LIMIT 1   [ RunTime:0.000059s ]
INFO: [ view_filter ] --START--
INFO: Run Behavior\WriteHtmlCacheBehavior [ RunTime:0.000050s ]
INFO: [ view_filter ] --END-- [ RunTime:0.000089s ]
SQL: SELECT `tag` FROM `sk_article`  [ RunTime:0.000056s ]
NOTIC: [8] Undefined variable: nav_index /home/songkang/www/blog/Theme/default/Public/sidebar.php 第 3 行.
INFO: [ view_filter ] --START--
INFO: Run Behavior\WriteHtmlCacheBehavior [ RunTime:0.000012s ]
INFO: [ view_filter ] --END-- [ RunTime:-0.000344s ]
SQL: SELECT `tag` FROM `sk_article`  [ RunTime:0.000087s ]
INFO: [ view_filter ] --START--
INFO: Run Behavior\WriteHtmlCacheBehavior [ RunTime:0.000023s ]
INFO: [ view_filter ] --END-- [ RunTime:-0.000891s ]
INFO: [ view_filter ] --START--
INFO: Run Behavior\WriteHtmlCacheBehavior [ RunTime:0.000025s ]
INFO: [ view_filter ] --END-- [ RunTime:-0.001128s ]
INFO: [ app_end ] --START--
INFO: Run Behavior\ShowPageTraceBehavior [ RunTime:0.000103s ]
INFO: [ app_end ] --END-- [ RunTime:0.000205s ]

[ 2014-10-14T00:09:27+08:00 ] 127.0.0.1 /blog/
INFO: [ app_init ] --START--
INFO: Run Behavior\BuildLiteBehavior [ RunTime:0.000013s ]
INFO: [ app_init ] --END-- [ RunTime:0.000088s ]
INFO: [ app_begin ] --START--
INFO: Run Behavior\ReadHtmlCacheBehavior [ RunTime:0.000036s ]
INFO: [ app_begin ] --END-- [ RunTime:0.000076s ]
NOTIC: [8192] mysql_connect(): The mysql extension is deprecated and will be removed in the future: use mysqli or PDO instead /home/songkang/www/blog/ThinkPHP/Library/Think/Db/Driver/Mysql.class.php 第 52 行.
SQL: SHOW COLUMNS FROM `sk_article` [ RunTime:0.000656s ]
SQL: SELECT * FROM `sk_article` WHERE ( type='article' )  [ RunTime:0.000300s ]
SQL: SHOW COLUMNS FROM `sk_option` [ RunTime:0.000721s ]
SQL: SELECT `meta_value` FROM `sk_option` WHERE ( meta_key='theme' AND type='public' ) LIMIT 1   [ RunTime:0.000063s ]
SQL: SELECT `tag` FROM `sk_article`  [ RunTime:0.000055s ]
SQL: SELECT `meta_value` FROM `sk_option` WHERE ( meta_key='site_name' AND type='public' ) LIMIT 1   [ RunTime:0.000053s ]
INFO: [ view_filter ] --START--
INFO: Run Behavior\WriteHtmlCacheBehavior [ RunTime:0.000091s ]
INFO: [ view_filter ] --END-- [ RunTime:0.000172s ]
SQL: SELECT `tag` FROM `sk_article`  [ RunTime:0.000125s ]
NOTIC: [8] Undefined variable: nav_index /home/songkang/www/blog/Theme/default/Public/sidebar.php 第 3 行.
INFO: [ view_filter ] --START--
INFO: Run Behavior\WriteHtmlCacheBehavior [ RunTime:0.000023s ]
INFO: [ view_filter ] --END-- [ RunTime:-0.000783s ]
SQL: SELECT `tag` FROM `sk_article`  [ RunTime:0.000125s ]
INFO: [ view_filter ] --START--
INFO: Run Behavior\WriteHtmlCacheBehavior [ RunTime:0.000022s ]
INFO: [ view_filter ] --END-- [ RunTime:-0.001532s ]
INFO: [ view_filter ] --START--
INFO: Run Behavior\WriteHtmlCacheBehavior [ RunTime:0.000022s ]
INFO: [ view_filter ] --END-- [ RunTime:-0.001731s ]
INFO: [ app_end ] --START--
INFO: Run Behavior\ShowPageTraceBehavior [ RunTime:0.000085s ]
INFO: [ app_end ] --END-- [ RunTime:0.000187s ]

[ 2014-10-14T00:09:34+08:00 ] 127.0.0.1 /blog/
INFO: [ app_init ] --START--
INFO: Run Behavior\BuildLiteBehavior [ RunTime:0.000027s ]
INFO: [ app_init ] --END-- [ RunTime:0.000179s ]
INFO: [ app_begin ] --START--
INFO: Run Behavior\ReadHtmlCacheBehavior [ RunTime:0.000075s ]
INFO: [ app_begin ] --END-- [ RunTime:0.000141s ]
NOTIC: [8192] mysql_connect(): The mysql extension is deprecated and will be removed in the future: use mysqli or PDO instead /home/songkang/www/blog/ThinkPHP/Library/Think/Db/Driver/Mysql.class.php 第 52 行.
SQL: SHOW COLUMNS FROM `sk_article` [ RunTime:0.000880s ]
SQL: SELECT * FROM `sk_article` WHERE ( type='article' )  [ RunTime:0.000367s ]
SQL: SHOW COLUMNS FROM `sk_option` [ RunTime:0.000825s ]
SQL: SELECT `meta_value` FROM `sk_option` WHERE ( meta_key='theme' AND type='public' ) LIMIT 1   [ RunTime:0.000091s ]
SQL: SELECT `tag` FROM `sk_article`  [ RunTime:0.000072s ]
SQL: SELECT `meta_value` FROM `sk_option` WHERE ( meta_key='site_name' AND type='public' ) LIMIT 1   [ RunTime:0.000093s ]
INFO: [ view_filter ] --START--
INFO: Run Behavior\WriteHtmlCacheBehavior [ RunTime:0.000084s ]
INFO: [ view_filter ] --END-- [ RunTime:0.000144s ]
SQL: SELECT `tag` FROM `sk_article`  [ RunTime:0.000078s ]
NOTIC: [8] Undefined variable: nav_index /home/songkang/www/blog/Theme/default/Public/sidebar.php 第 3 行.
INFO: [ view_filter ] --START--
INFO: Run Behavior\WriteHtmlCacheBehavior [ RunTime:0.000014s ]
INFO: [ view_filter ] --END-- [ RunTime:-0.000545s ]
SQL: SELECT `tag` FROM `sk_article`  [ RunTime:0.000065s ]
INFO: [ view_filter ] --START--
INFO: Run Behavior\WriteHtmlCacheBehavior [ RunTime:0.000015s ]
INFO: [ view_filter ] --END-- [ RunTime:-0.000996s ]
INFO: [ view_filter ] --START--
INFO: Run Behavior\WriteHtmlCacheBehavior [ RunTime:0.000012s ]
INFO: [ view_filter ] --END-- [ RunTime:-0.001119s ]
INFO: [ app_end ] --START--
INFO: Run Behavior\ShowPageTraceBehavior [ RunTime:0.000067s ]
INFO: [ app_end ] --END-- [ RunTime:0.000126s ]

[ 2014-10-14T00:09:35+08:00 ] 127.0.0.1 /blog/
INFO: [ app_init ] --START--
INFO: Run Behavior\BuildLiteBehavior [ RunTime:0.000023s ]
INFO: [ app_init ] --END-- [ RunTime:0.000159s ]
INFO: [ app_begin ] --START--
INFO: Run Behavior\ReadHtmlCacheBehavior [ RunTime:0.000063s ]
INFO: [ app_begin ] --END-- [ RunTime:0.000137s ]
NOTIC: [8192] mysql_connect(): The mysql extension is deprecated and will be removed in the future: use mysqli or PDO instead /home/songkang/www/blog/ThinkPHP/Library/Think/Db/Driver/Mysql.class.php 第 52 行.
SQL: SHOW COLUMNS FROM `sk_article` [ RunTime:0.000893s ]
SQL: SELECT * FROM `sk_article` WHERE ( type='article' )  [ RunTime:0.000322s ]
SQL: SHOW COLUMNS FROM `sk_option` [ RunTime:0.000797s ]
SQL: SELECT `meta_value` FROM `sk_option` WHERE ( meta_key='theme' AND type='public' ) LIMIT 1   [ RunTime:0.000076s ]
SQL: SELECT `tag` FROM `sk_article`  [ RunTime:0.000071s ]
SQL: SELECT `meta_value` FROM `sk_option` WHERE ( meta_key='site_name' AND type='public' ) LIMIT 1   [ RunTime:0.000069s ]
INFO: [ view_filter ] --START--
INFO: Run Behavior\WriteHtmlCacheBehavior [ RunTime:0.000066s ]
INFO: [ view_filter ] --END-- [ RunTime:0.000132s ]
SQL: SELECT `tag` FROM `sk_article`  [ RunTime:0.000127s ]
NOTIC: [8] Undefined variable: nav_index /home/songkang/www/blog/Theme/default/Public/sidebar.php 第 3 行.
INFO: [ view_filter ] --START--
INFO: Run Behavior\WriteHtmlCacheBehavior [ RunTime:0.000021s ]
INFO: [ view_filter ] --END-- [ RunTime:-0.000696s ]
SQL: SELECT `tag` FROM `sk_article`  [ RunTime:0.000129s ]
INFO: [ view_filter ] --START--
INFO: Run Behavior\WriteHtmlCacheBehavior [ RunTime:0.000016s ]
INFO: [ view_filter ] --END-- [ RunTime:-0.001472s ]
INFO: [ view_filter ] --START--
INFO: Run Behavior\WriteHtmlCacheBehavior [ RunTime:0.000018s ]
INFO: [ view_filter ] --END-- [ RunTime:-0.001639s ]
INFO: [ app_end ] --START--
INFO: Run Behavior\ShowPageTraceBehavior [ RunTime:0.000073s ]
INFO: [ app_end ] --END-- [ RunTime:0.000141s ]

[ 2014-10-14T00:09:35+08:00 ] 127.0.0.1 /blog/
INFO: [ app_init ] --START--
INFO: Run Behavior\BuildLiteBehavior [ RunTime:0.000014s ]
INFO: [ app_init ] --END-- [ RunTime:0.000089s ]
INFO: [ app_begin ] --START--
INFO: Run Behavior\ReadHtmlCacheBehavior [ RunTime:0.000037s ]
INFO: [ app_begin ] --END-- [ RunTime:0.000076s ]
NOTIC: [8192] mysql_connect(): The mysql extension is deprecated and will be removed in the future: use mysqli or PDO instead /home/songkang/www/blog/ThinkPHP/Library/Think/Db/Driver/Mysql.class.php 第 52 行.
SQL: SHOW COLUMNS FROM `sk_article` [ RunTime:0.000903s ]
SQL: SELECT * FROM `sk_article` WHERE ( type='article' )  [ RunTime:0.000284s ]
SQL: SHOW COLUMNS FROM `sk_option` [ RunTime:0.000674s ]
SQL: SELECT `meta_value` FROM `sk_option` WHERE ( meta_key='theme' AND type='public' ) LIMIT 1   [ RunTime:0.000077s ]
SQL: SELECT `tag` FROM `sk_article`  [ RunTime:0.000072s ]
SQL: SELECT `meta_value` FROM `sk_option` WHERE ( meta_key='site_name' AND type='public' ) LIMIT 1   [ RunTime:0.000054s ]
INFO: [ view_filter ] --START--
INFO: Run Behavior\WriteHtmlCacheBehavior [ RunTime:0.000042s ]
INFO: [ view_filter ] --END-- [ RunTime:0.000081s ]
SQL: SELECT `tag` FROM `sk_article`  [ RunTime:0.000055s ]
NOTIC: [8] Undefined variable: nav_index /home/songkang/www/blog/Theme/default/Public/sidebar.php 第 3 行.
INFO: [ view_filter ] --START--
INFO: Run Behavior\WriteHtmlCacheBehavior [ RunTime:0.000009s ]
INFO: [ view_filter ] --END-- [ RunTime:-0.000334s ]
SQL: SELECT `tag` FROM `sk_article`  [ RunTime:0.000056s ]
INFO: [ view_filter ] --START--
INFO: Run Behavior\WriteHtmlCacheBehavior [ RunTime:0.000009s ]
INFO: [ view_filter ] --END-- [ RunTime:-0.000644s ]
INFO: [ view_filter ] --START--
INFO: Run Behavior\WriteHtmlCacheBehavior [ RunTime:0.000008s ]
INFO: [ view_filter ] --END-- [ RunTime:-0.000721s ]
INFO: [ app_end ] --START--
INFO: Run Behavior\ShowPageTraceBehavior [ RunTime:0.000039s ]
INFO: [ app_end ] --END-- [ RunTime:0.000079s ]

[ 2014-10-14T00:09:35+08:00 ] 127.0.0.1 /blog/
INFO: [ app_init ] --START--
INFO: Run Behavior\BuildLiteBehavior [ RunTime:0.000020s ]
INFO: [ app_init ] --END-- [ RunTime:0.000137s ]
INFO: [ app_begin ] --START--
INFO: Run Behavior\ReadHtmlCacheBehavior [ RunTime:0.000058s ]
INFO: [ app_begin ] --END-- [ RunTime:0.000127s ]
NOTIC: [8192] mysql_connect(): The mysql extension is deprecated and will be removed in the future: use mysqli or PDO instead /home/songkang/www/blog/ThinkPHP/Library/Think/Db/Driver/Mysql.class.php 第 52 行.
SQL: SHOW COLUMNS FROM `sk_article` [ RunTime:0.000947s ]
SQL: SELECT * FROM `sk_article` WHERE ( type='article' )  [ RunTime:0.000346s ]
SQL: SHOW COLUMNS FROM `sk_option` [ RunTime:0.000619s ]
SQL: SELECT `meta_value` FROM `sk_option` WHERE ( meta_key='theme' AND type='public' ) LIMIT 1   [ RunTime:0.000102s ]
SQL: SELECT `tag` FROM `sk_article`  [ RunTime:0.000069s ]
SQL: SELECT `meta_value` FROM `sk_option` WHERE ( meta_key='site_name' AND type='public' ) LIMIT 1   [ RunTime:0.000074s ]
INFO: [ view_filter ] --START--
INFO: Run Behavior\WriteHtmlCacheBehavior [ RunTime:0.000057s ]
INFO: [ view_filter ] --END-- [ RunTime:0.000115s ]
SQL: SELECT `tag` FROM `sk_article`  [ RunTime:0.000057s ]
NOTIC: [8] Undefined variable: nav_index /home/songkang/www/blog/Theme/default/Public/sidebar.php 第 3 行.
INFO: [ view_filter ] --START--
INFO: Run Behavior\WriteHtmlCacheBehavior [ RunTime:0.000010s ]
INFO: [ view_filter ] --END-- [ RunTime:-0.000480s ]
SQL: SELECT `tag` FROM `sk_article`  [ RunTime:0.000093s ]
INFO: [ view_filter ] --START--
INFO: Run Behavior\WriteHtmlCacheBehavior [ RunTime:0.000015s ]
INFO: [ view_filter ] --END-- [ RunTime:-0.000920s ]
INFO: [ view_filter ] --START--
INFO: Run Behavior\WriteHtmlCacheBehavior [ RunTime:0.000013s ]
INFO: [ view_filter ] --END-- [ RunTime:-0.001057s ]
INFO: [ app_end ] --START--
INFO: Run Behavior\ShowPageTraceBehavior [ RunTime:0.000050s ]
INFO: [ app_end ] --END-- [ RunTime:0.000101s ]

[ 2014-10-14T00:09:35+08:00 ] 127.0.0.1 /blog/
INFO: [ app_init ] --START--
INFO: Run Behavior\BuildLiteBehavior [ RunTime:0.000018s ]
INFO: [ app_init ] --END-- [ RunTime:0.000125s ]
INFO: [ app_begin ] --START--
INFO: Run Behavior\ReadHtmlCacheBehavior [ RunTime:0.000057s ]
INFO: [ app_begin ] --END-- [ RunTime:0.000119s ]
NOTIC: [8192] mysql_connect(): The mysql extension is deprecated and will be removed in the future: use mysqli or PDO instead /home/songkang/www/blog/ThinkPHP/Library/Think/Db/Driver/Mysql.class.php 第 52 行.
SQL: SHOW COLUMNS FROM `sk_article` [ RunTime:0.000875s ]
SQL: SELECT * FROM `sk_article` WHERE ( type='article' )  [ RunTime:0.000290s ]
SQL: SHOW COLUMNS FROM `sk_option` [ RunTime:0.000577s ]
SQL: SELECT `meta_value` FROM `sk_option` WHERE ( meta_key='theme' AND type='public' ) LIMIT 1   [ RunTime:0.000090s ]
SQL: SELECT `tag` FROM `sk_article`  [ RunTime:0.000088s ]
SQL: SELECT `meta_value` FROM `sk_option` WHERE ( meta_key='site_name' AND type='public' ) LIMIT 1   [ RunTime:0.000085s ]
INFO: [ view_filter ] --START--
INFO: Run Behavior\WriteHtmlCacheBehavior [ RunTime:0.000053s ]
INFO: [ view_filter ] --END-- [ RunTime:0.000111s ]
SQL: SELECT `tag` FROM `sk_article`  [ RunTime:0.000079s ]
NOTIC: [8] Undefined variable: nav_index /home/songkang/www/blog/Theme/default/Public/sidebar.php 第 3 行.
INFO: [ view_filter ] --START--
INFO: Run Behavior\WriteHtmlCacheBehavior [ RunTime:0.000013s ]
INFO: [ view_filter ] --END-- [ RunTime:-0.000464s ]
SQL: SELECT `tag` FROM `sk_article`  [ RunTime:0.000080s ]
INFO: [ view_filter ] --START--
INFO: Run Behavior\WriteHtmlCacheBehavior [ RunTime:0.000013s ]
INFO: [ view_filter ] --END-- [ RunTime:-0.000896s ]
INFO: [ view_filter ] --START--
INFO: Run Behavior\WriteHtmlCacheBehavior [ RunTime:0.000012s ]
INFO: [ view_filter ] --END-- [ RunTime:-0.001025s ]
INFO: [ app_end ] --START--
INFO: Run Behavior\ShowPageTraceBehavior [ RunTime:0.000049s ]
INFO: [ app_end ] --END-- [ RunTime:0.000105s ]

[ 2014-10-14T00:12:01+08:00 ] 127.0.0.1 /blog/
INFO: [ app_init ] --START--
INFO: Run Behavior\BuildLiteBehavior [ RunTime:0.000016s ]
INFO: [ app_init ] --END-- [ RunTime:0.000108s ]
INFO: [ app_begin ] --START--
INFO: Run Behavior\ReadHtmlCacheBehavior [ RunTime:0.000042s ]
INFO: [ app_begin ] --END-- [ RunTime:0.000083s ]
NOTIC: [8192] mysql_connect(): The mysql extension is deprecated and will be removed in the future: use mysqli or PDO instead /home/songkang/www/blog/ThinkPHP/Library/Think/Db/Driver/Mysql.class.php 第 52 行.
SQL: SHOW COLUMNS FROM `sk_article` [ RunTime:0.000701s ]
SQL: SELECT * FROM `sk_article` WHERE ( type='article' )  [ RunTime:0.000312s ]
SQL: SHOW COLUMNS FROM `sk_option` [ RunTime:0.000624s ]
SQL: SELECT `meta_value` FROM `sk_option` WHERE ( meta_key='theme' AND type='public' ) LIMIT 1   [ RunTime:0.000068s ]
SQL: SELECT `tag` FROM `sk_article`  [ RunTime:0.000116s ]
SQL: SELECT `meta_value` FROM `sk_option` WHERE ( meta_key='site_name' AND type='public' ) LIMIT 1   [ RunTime:0.000058s ]
INFO: [ view_filter ] --START--
INFO: Run Behavior\WriteHtmlCacheBehavior [ RunTime:0.000048s ]
INFO: [ view_filter ] --END-- [ RunTime:0.000088s ]
SQL: SELECT `tag` FROM `sk_article`  [ RunTime:0.000072s ]
NOTIC: [8] Undefined variable: nav_index /home/songkang/www/blog/Theme/default/Public/sidebar.php 第 3 行.
INFO: [ view_filter ] --START--
INFO: Run Behavior\WriteHtmlCacheBehavior [ RunTime:0.000010s ]
INFO: [ view_filter ] --END-- [ RunTime:-0.000397s ]
SQL: SELECT `tag` FROM `sk_article`  [ RunTime:0.000062s ]
INFO: [ view_filter ] --START--
INFO: Run Behavior\WriteHtmlCacheBehavior [ RunTime:0.000009s ]
INFO: [ view_filter ] --END-- [ RunTime:-0.000715s ]
INFO: [ view_filter ] --START--
INFO: Run Behavior\WriteHtmlCacheBehavior [ RunTime:0.000007s ]
INFO: [ view_filter ] --END-- [ RunTime:-0.000794s ]
INFO: [ app_end ] --START--
INFO: Run Behavior\ShowPageTraceBehavior [ RunTime:0.000041s ]
INFO: [ app_end ] --END-- [ RunTime:0.000082s ]

[ 2014-10-14T00:12:02+08:00 ] 127.0.0.1 /blog/
INFO: [ app_init ] --START--
INFO: Run Behavior\BuildLiteBehavior [ RunTime:0.000019s ]
INFO: [ app_init ] --END-- [ RunTime:0.000141s ]
INFO: [ app_begin ] --START--
INFO: Run Behavior\ReadHtmlCacheBehavior [ RunTime:0.000072s ]
INFO: [ app_begin ] --END-- [ RunTime:0.000139s ]
NOTIC: [8192] mysql_connect(): The mysql extension is deprecated and will be removed in the future: use mysqli or PDO instead /home/songkang/www/blog/ThinkPHP/Library/Think/Db/Driver/Mysql.class.php 第 52 行.
SQL: SHOW COLUMNS FROM `sk_article` [ RunTime:0.001142s ]
SQL: SELECT * FROM `sk_article` WHERE ( type='article' )  [ RunTime:0.000371s ]
SQL: SHOW COLUMNS FROM `sk_option` [ RunTime:0.000886s ]
SQL: SELECT `meta_value` FROM `sk_option` WHERE ( meta_key='theme' AND type='public' ) LIMIT 1   [ RunTime:0.000077s ]
SQL: SELECT `tag` FROM `sk_article`  [ RunTime:0.000099s ]
SQL: SELECT `meta_value` FROM `sk_option` WHERE ( meta_key='site_name' AND type='public' ) LIMIT 1   [ RunTime:0.000070s ]
INFO: [ view_filter ] --START--
INFO: Run Behavior\WriteHtmlCacheBehavior [ RunTime:0.000061s ]
INFO: [ view_filter ] --END-- [ RunTime:0.000113s ]
SQL: SELECT `tag` FROM `sk_article`  [ RunTime:0.000069s ]
NOTIC: [8] Undefined variable: nav_index /home/songkang/www/blog/Theme/default/Public/sidebar.php 第 3 行.
INFO: [ view_filter ] --START--
INFO: Run Behavior\WriteHtmlCacheBehavior [ RunTime:0.000012s ]
INFO: [ view_filter ] --END-- [ RunTime:-0.000430s ]
SQL: SELECT `tag` FROM `sk_article`  [ RunTime:0.000069s ]
INFO: [ view_filter ] --START--
INFO: Run Behavior\WriteHtmlCacheBehavior [ RunTime:0.000012s ]
INFO: [ view_filter ] --END-- [ RunTime:-0.000835s ]
INFO: [ view_filter ] --START--
INFO: Run Behavior\WriteHtmlCacheBehavior [ RunTime:0.000011s ]
INFO: [ view_filter ] --END-- [ RunTime:-0.000938s ]
INFO: [ app_end ] --START--
INFO: Run Behavior\ShowPageTraceBehavior [ RunTime:0.000055s ]
INFO: [ app_end ] --END-- [ RunTime:0.000107s ]

[ 2014-10-14T00:12:15+08:00 ] 127.0.0.1 /blog/
INFO: [ app_init ] --START--
INFO: Run Behavior\BuildLiteBehavior [ RunTime:0.000016s ]
INFO: [ app_init ] --END-- [ RunTime:0.000127s ]
INFO: [ app_begin ] --START--
INFO: Run Behavior\ReadHtmlCacheBehavior [ RunTime:0.000063s ]
INFO: [ app_begin ] --END-- [ RunTime:0.000115s ]
NOTIC: [8192] mysql_connect(): The mysql extension is deprecated and will be removed in the future: use mysqli or PDO instead /home/songkang/www/blog/ThinkPHP/Library/Think/Db/Driver/Mysql.class.php 第 52 行.
SQL: SHOW COLUMNS FROM `sk_article` [ RunTime:0.000855s ]
SQL: SELECT * FROM `sk_article` WHERE ( type='article' )  [ RunTime:0.000363s ]
SQL: SHOW COLUMNS FROM `sk_option` [ RunTime:0.000865s ]
SQL: SELECT `meta_value` FROM `sk_option` WHERE ( meta_key='theme' AND type='public' ) LIMIT 1   [ RunTime:0.000082s ]
SQL: SELECT `tag` FROM `sk_article`  [ RunTime:0.000101s ]
SQL: SELECT `meta_value` FROM `sk_option` WHERE ( meta_key='site_name' AND type='public' ) LIMIT 1   [ RunTime:0.000116s ]
INFO: [ view_filter ] --START--
INFO: Run Behavior\WriteHtmlCacheBehavior [ RunTime:0.000082s ]
INFO: [ view_filter ] --END-- [ RunTime:0.000148s ]
SQL: SELECT `tag` FROM `sk_article`  [ RunTime:0.000070s ]
NOTIC: [8] Undefined variable: nav_index /home/songkang/www/blog/Theme/default/Public/sidebar.php 第 3 行.
INFO: [ view_filter ] --START--
INFO: Run Behavior\WriteHtmlCacheBehavior [ RunTime:0.000015s ]
INFO: [ view_filter ] --END-- [ RunTime:-0.000535s ]
SQL: SELECT `tag` FROM `sk_article`  [ RunTime:0.000068s ]
INFO: [ view_filter ] --START--
INFO: Run Behavior\WriteHtmlCacheBehavior [ RunTime:0.000015s ]
INFO: [ view_filter ] --END-- [ RunTime:-0.001015s ]
INFO: [ view_filter ] --START--
INFO: Run Behavior\WriteHtmlCacheBehavior [ RunTime:0.000013s ]
INFO: [ view_filter ] --END-- [ RunTime:-0.001150s ]
INFO: [ app_end ] --START--
INFO: Run Behavior\ShowPageTraceBehavior [ RunTime:0.000078s ]
INFO: [ app_end ] --END-- [ RunTime:0.000144s ]

[ 2014-10-14T00:12:16+08:00 ] 127.0.0.1 /blog/
INFO: [ app_init ] --START--
INFO: Run Behavior\BuildLiteBehavior [ RunTime:0.000019s ]
INFO: [ app_init ] --END-- [ RunTime:0.000129s ]
INFO: [ app_begin ] --START--
INFO: Run Behavior\ReadHtmlCacheBehavior [ RunTime:0.000061s ]
INFO: [ app_begin ] --END-- [ RunTime:0.000127s ]
NOTIC: [8192] mysql_connect(): The mysql extension is deprecated and will be removed in the future: use mysqli or PDO instead /home/songkang/www/blog/ThinkPHP/Library/Think/Db/Driver/Mysql.class.php 第 52 行.
SQL: SHOW COLUMNS FROM `sk_article` [ RunTime:0.000904s ]
SQL: SELECT * FROM `sk_article` WHERE ( type='article' )  [ RunTime:0.000417s ]
SQL: SHOW COLUMNS FROM `sk_option` [ RunTime:0.000686s ]
SQL: SELECT `meta_value` FROM `sk_option` WHERE ( meta_key='theme' AND type='public' ) LIMIT 1   [ RunTime:0.000065s ]
SQL: SELECT `tag` FROM `sk_article`  [ RunTime:0.000062s ]
SQL: SELECT `meta_value` FROM `sk_option` WHERE ( meta_key='site_name' AND type='public' ) LIMIT 1   [ RunTime:0.000057s ]
INFO: [ view_filter ] --START--
INFO: Run Behavior\WriteHtmlCacheBehavior [ RunTime:0.000042s ]
INFO: [ view_filter ] --END-- [ RunTime:0.000083s ]
SQL: SELECT `tag` FROM `sk_article`  [ RunTime:0.000058s ]
NOTIC: [8] Undefined variable: nav_index /home/songkang/www/blog/Theme/default/Public/sidebar.php 第 3 行.
INFO: [ view_filter ] --START--
INFO: Run Behavior\WriteHtmlCacheBehavior [ RunTime:0.000009s ]
INFO: [ view_filter ] --END-- [ RunTime:-0.000341s ]
SQL: SELECT `tag` FROM `sk_article`  [ RunTime:0.000058s ]
INFO: [ view_filter ] --START--
INFO: Run Behavior\WriteHtmlCacheBehavior [ RunTime:0.000010s ]
INFO: [ view_filter ] --END-- [ RunTime:-0.000657s ]
INFO: [ view_filter ] --START--
INFO: Run Behavior\WriteHtmlCacheBehavior [ RunTime:0.000008s ]
INFO: [ view_filter ] --END-- [ RunTime:-0.000737s ]
INFO: [ app_end ] --START--
INFO: Run Behavior\ShowPageTraceBehavior [ RunTime:0.000038s ]
INFO: [ app_end ] --END-- [ RunTime:0.000079s ]

[ 2014-10-14T00:12:23+08:00 ] 127.0.0.1 /blog/
INFO: [ app_init ] --START--
INFO: Run Behavior\BuildLiteBehavior [ RunTime:0.000019s ]
INFO: [ app_init ] --END-- [ RunTime:0.000141s ]
INFO: [ app_begin ] --START--
INFO: Run Behavior\ReadHtmlCacheBehavior [ RunTime:0.000067s ]
INFO: [ app_begin ] --END-- [ RunTime:0.000137s ]
NOTIC: [8192] mysql_connect(): The mysql extension is deprecated and will be removed in the future: use mysqli or PDO instead /home/songkang/www/blog/ThinkPHP/Library/Think/Db/Driver/Mysql.class.php 第 52 行.
SQL: SHOW COLUMNS FROM `sk_article` [ RunTime:0.000876s ]
SQL: SELECT * FROM `sk_article` WHERE ( type='article' )  [ RunTime:0.000341s ]
SQL: SHOW COLUMNS FROM `sk_option` [ RunTime:0.000880s ]
SQL: SELECT `meta_value` FROM `sk_option` WHERE ( meta_key='theme' AND type='public' ) LIMIT 1   [ RunTime:0.000073s ]
SQL: SELECT `tag` FROM `sk_article`  [ RunTime:0.000069s ]
SQL: SELECT `meta_value` FROM `sk_option` WHERE ( meta_key='site_name' AND type='public' ) LIMIT 1   [ RunTime:0.000105s ]
INFO: [ view_filter ] --START--
INFO: Run Behavior\WriteHtmlCacheBehavior [ RunTime:0.000049s ]
INFO: [ view_filter ] --END-- [ RunTime:0.000089s ]
SQL: SELECT `tag` FROM `sk_article`  [ RunTime:0.000055s ]
NOTIC: [8] Undefined variable: nav_index /home/songkang/www/blog/Theme/default/Public/sidebar.php 第 3 行.
INFO: [ view_filter ] --START--
INFO: Run Behavior\WriteHtmlCacheBehavior [ RunTime:0.000008s ]
INFO: [ view_filter ] --END-- [ RunTime:-0.000338s ]
SQL: SELECT `tag` FROM `sk_article`  [ RunTime:0.000055s ]
INFO: [ view_filter ] --START--
INFO: Run Behavior\WriteHtmlCacheBehavior [ RunTime:0.000009s ]
INFO: [ view_filter ] --END-- [ RunTime:-0.000647s ]
INFO: [ view_filter ] --START--
INFO: Run Behavior\WriteHtmlCacheBehavior [ RunTime:0.000008s ]
INFO: [ view_filter ] --END-- [ RunTime:-0.000724s ]
INFO: [ app_end ] --START--
INFO: Run Behavior\ShowPageTraceBehavior [ RunTime:0.000041s ]
INFO: [ app_end ] --END-- [ RunTime:0.000081s ]

[ 2014-10-14T00:12:23+08:00 ] 127.0.0.1 /blog/
INFO: [ app_init ] --START--
INFO: Run Behavior\BuildLiteBehavior [ RunTime:0.000020s ]
INFO: [ app_init ] --END-- [ RunTime:0.000124s ]
INFO: [ app_begin ] --START--
INFO: Run Behavior\ReadHtmlCacheBehavior [ RunTime:0.000061s ]
INFO: [ app_begin ] --END-- [ RunTime:0.000127s ]
NOTIC: [8192] mysql_connect(): The mysql extension is deprecated and will be removed in the future: use mysqli or PDO instead /home/songkang/www/blog/ThinkPHP/Library/Think/Db/Driver/Mysql.class.php 第 52 行.
SQL: SHOW COLUMNS FROM `sk_article` [ RunTime:0.000619s ]
SQL: SELECT * FROM `sk_article` WHERE ( type='article' )  [ RunTime:0.000204s ]
SQL: SHOW COLUMNS FROM `sk_option` [ RunTime:0.000425s ]
SQL: SELECT `meta_value` FROM `sk_option` WHERE ( meta_key='theme' AND type='public' ) LIMIT 1   [ RunTime:0.000043s ]
SQL: SELECT `tag` FROM `sk_article`  [ RunTime:0.000152s ]
SQL: SELECT `meta_value` FROM `sk_option` WHERE ( meta_key='site_name' AND type='public' ) LIMIT 1   [ RunTime:0.000075s ]
INFO: [ view_filter ] --START--
INFO: Run Behavior\WriteHtmlCacheBehavior [ RunTime:0.000040s ]
INFO: [ view_filter ] --END-- [ RunTime:0.000078s ]
SQL: SELECT `tag` FROM `sk_article`  [ RunTime:0.000135s ]
NOTIC: [8] Undefined variable: nav_index /home/songkang/www/blog/Theme/default/Public/sidebar.php 第 3 行.
INFO: [ view_filter ] --START--
INFO: Run Behavior\WriteHtmlCacheBehavior [ RunTime:0.000009s ]
INFO: [ view_filter ] --END-- [ RunTime:-0.000449s ]
SQL: SELECT `tag` FROM `sk_article`  [ RunTime:0.000101s ]
INFO: [ view_filter ] --START--
INFO: Run Behavior\WriteHtmlCacheBehavior [ RunTime:0.000009s ]
INFO: [ view_filter ] --END-- [ RunTime:-0.000796s ]
INFO: [ view_filter ] --START--
INFO: Run Behavior\WriteHtmlCacheBehavior [ RunTime:0.000008s ]
INFO: [ view_filter ] --END-- [ RunTime:-0.000872s ]
INFO: [ app_end ] --START--
INFO: Run Behavior\ShowPageTraceBehavior [ RunTime:0.000036s ]
INFO: [ app_end ] --END-- [ RunTime:0.000076s ]

[ 2014-10-14T00:12:23+08:00 ] 127.0.0.1 /blog/
INFO: [ app_init ] --START--
INFO: Run Behavior\BuildLiteBehavior [ RunTime:0.000014s ]
INFO: [ app_init ] --END-- [ RunTime:0.000088s ]
INFO: [ app_begin ] --START--
INFO: Run Behavior\ReadHtmlCacheBehavior [ RunTime:0.000037s ]
INFO: [ app_begin ] --END-- [ RunTime:0.000077s ]
NOTIC: [8192] mysql_connect(): The mysql extension is deprecated and will be removed in the future: use mysqli or PDO instead /home/songkang/www/blog/ThinkPHP/Library/Think/Db/Driver/Mysql.class.php 第 52 行.
SQL: SHOW COLUMNS FROM `sk_article` [ RunTime:0.000794s ]
SQL: SELECT * FROM `sk_article` WHERE ( type='article' )  [ RunTime:0.000307s ]
SQL: SHOW COLUMNS FROM `sk_option` [ RunTime:0.001295s ]
SQL: SELECT `meta_value` FROM `sk_option` WHERE ( meta_key='theme' AND type='public' ) LIMIT 1   [ RunTime:0.000120s ]
SQL: SELECT `tag` FROM `sk_article`  [ RunTime:0.000124s ]
SQL: SELECT `meta_value` FROM `sk_option` WHERE ( meta_key='site_name' AND type='public' ) LIMIT 1   [ RunTime:0.000134s ]
INFO: [ view_filter ] --START--
INFO: Run Behavior\WriteHtmlCacheBehavior [ RunTime:0.000093s ]
INFO: [ view_filter ] --END-- [ RunTime:0.000191s ]
SQL: SELECT `tag` FROM `sk_article`  [ RunTime:0.000166s ]
NOTIC: [8] Undefined variable: nav_index /home/songkang/www/blog/Theme/default/Public/sidebar.php 第 3 行.
INFO: [ view_filter ] --START--
INFO: Run Behavior\WriteHtmlCacheBehavior [ RunTime:0.000009s ]
INFO: [ view_filter ] --END-- [ RunTime:-0.000646s ]
SQL: SELECT `tag` FROM `sk_article`  [ RunTime:0.000079s ]
INFO: [ view_filter ] --START--
INFO: Run Behavior\WriteHtmlCacheBehavior [ RunTime:0.000010s ]
INFO: [ view_filter ] --END-- [ RunTime:-0.001048s ]
INFO: [ view_filter ] --START--
INFO: Run Behavior\WriteHtmlCacheBehavior [ RunTime:0.000008s ]
INFO: [ view_filter ] --END-- [ RunTime:-0.001131s ]
INFO: [ app_end ] --START--
INFO: Run Behavior\ShowPageTraceBehavior [ RunTime:0.000042s ]
INFO: [ app_end ] --END-- [ RunTime:0.000085s ]

[ 2014-10-14T00:12:33+08:00 ] 127.0.0.1 /blog/
INFO: [ app_init ] --START--
INFO: Run Behavior\BuildLiteBehavior [ RunTime:0.000020s ]
INFO: [ app_init ] --END-- [ RunTime:0.000143s ]
INFO: [ app_begin ] --START--
INFO: Run Behavior\ReadHtmlCacheBehavior [ RunTime:0.000050s ]
INFO: [ app_begin ] --END-- [ RunTime:0.000096s ]
NOTIC: [8192] mysql_connect(): The mysql extension is deprecated and will be removed in the future: use mysqli or PDO instead /home/songkang/www/blog/ThinkPHP/Library/Think/Db/Driver/Mysql.class.php 第 52 行.
SQL: SHOW COLUMNS FROM `sk_article` [ RunTime:0.000779s ]
SQL: SELECT * FROM `sk_article` WHERE ( type='article' )  [ RunTime:0.000261s ]
SQL: SHOW COLUMNS FROM `sk_option` [ RunTime:0.000616s ]
SQL: SELECT `meta_value` FROM `sk_option` WHERE ( meta_key='theme' AND type='public' ) LIMIT 1   [ RunTime:0.000062s ]
SQL: SELECT `tag` FROM `sk_article`  [ RunTime:0.000073s ]
SQL: SELECT `meta_value` FROM `sk_option` WHERE ( meta_key='site_name' AND type='public' ) LIMIT 1   [ RunTime:0.000069s ]
INFO: [ view_filter ] --START--
INFO: Run Behavior\WriteHtmlCacheBehavior [ RunTime:0.000083s ]
INFO: [ view_filter ] --END-- [ RunTime:0.000137s ]
SQL: SELECT `tag` FROM `sk_article`  [ RunTime:0.000068s ]
NOTIC: [8] Undefined variable: nav_index /home/songkang/www/blog/Theme/default/Public/sidebar.php 第 3 行.
INFO: [ view_filter ] --START--
INFO: Run Behavior\WriteHtmlCacheBehavior [ RunTime:0.000010s ]
INFO: [ view_filter ] --END-- [ RunTime:-0.000428s ]
SQL: SELECT `tag` FROM `sk_article`  [ RunTime:0.000065s ]
INFO: [ view_filter ] --START--
INFO: Run Behavior\WriteHtmlCacheBehavior [ RunTime:0.000009s ]
INFO: [ view_filter ] --END-- [ RunTime:-0.000804s ]
INFO: [ view_filter ] --START--
INFO: Run Behavior\WriteHtmlCacheBehavior [ RunTime:0.000008s ]
INFO: [ view_filter ] --END-- [ RunTime:-0.000886s ]
INFO: [ app_end ] --START--
INFO: Run Behavior\ShowPageTraceBehavior [ RunTime:0.000055s ]
INFO: [ app_end ] --END-- [ RunTime:0.000106s ]

[ 2014-10-14T00:17:52+08:00 ] 127.0.0.1 /blog/
INFO: [ app_init ] --START--
INFO: Run Behavior\BuildLiteBehavior [ RunTime:0.000023s ]
INFO: [ app_init ] --END-- [ RunTime:0.000157s ]
INFO: [ app_begin ] --START--
INFO: Run Behavior\ReadHtmlCacheBehavior [ RunTime:0.000069s ]
INFO: [ app_begin ] --END-- [ RunTime:0.000135s ]
NOTIC: [8192] mysql_connect(): The mysql extension is deprecated and will be removed in the future: use mysqli or PDO instead /home/songkang/www/blog/ThinkPHP/Library/Think/Db/Driver/Mysql.class.php 第 52 行.
SQL: SHOW COLUMNS FROM `sk_article` [ RunTime:0.000835s ]
SQL: SELECT * FROM `sk_article` WHERE ( type='article' )  [ RunTime:0.000385s ]
SQL: SHOW COLUMNS FROM `sk_option` [ RunTime:0.000824s ]
SQL: SELECT `meta_value` FROM `sk_option` WHERE ( meta_key='theme' AND type='public' ) LIMIT 1   [ RunTime:0.000068s ]
SQL: SELECT `tag` FROM `sk_article`  [ RunTime:0.000067s ]
SQL: SELECT `meta_value` FROM `sk_option` WHERE ( meta_key='site_name' AND type='public' ) LIMIT 1   [ RunTime:0.000082s ]
INFO: [ view_filter ] --START--
INFO: Run Behavior\WriteHtmlCacheBehavior [ RunTime:0.000079s ]
INFO: [ view_filter ] --END-- [ RunTime:0.000137s ]
SQL: SELECT `tag` FROM `sk_article`  [ RunTime:0.000075s ]
NOTIC: [8] Undefined variable: nav_index /home/songkang/www/blog/Theme/default/Public/sidebar.php 第 3 行.
INFO: [ view_filter ] --START--
INFO: Run Behavior\WriteHtmlCacheBehavior [ RunTime:0.000016s ]
INFO: [ view_filter ] --END-- [ RunTime:-0.000519s ]
SQL: SELECT `tag` FROM `sk_article`  [ RunTime:0.000071s ]
INFO: [ view_filter ] --START--
INFO: Run Behavior\WriteHtmlCacheBehavior [ RunTime:0.000014s ]
INFO: [ view_filter ] --END-- [ RunTime:-0.000992s ]
INFO: [ view_filter ] --START--
INFO: Run Behavior\WriteHtmlCacheBehavior [ RunTime:0.000012s ]
INFO: [ view_filter ] --END-- [ RunTime:-0.001115s ]
INFO: [ app_end ] --START--
INFO: Run Behavior\ShowPageTraceBehavior [ RunTime:0.000077s ]
INFO: [ app_end ] --END-- [ RunTime:0.000139s ]

[ 2014-10-14T00:18:04+08:00 ] 127.0.0.1 /blog/
INFO: [ app_init ] --START--
INFO: Run Behavior\BuildLiteBehavior [ RunTime:0.000021s ]
INFO: [ app_init ] --END-- [ RunTime:0.000155s ]
INFO: [ app_begin ] --START--
INFO: Run Behavior\ReadHtmlCacheBehavior [ RunTime:0.000086s ]
INFO: [ app_begin ] --END-- [ RunTime:0.000170s ]
NOTIC: [8192] mysql_connect(): The mysql extension is deprecated and will be removed in the future: use mysqli or PDO instead /home/songkang/www/blog/ThinkPHP/Library/Think/Db/Driver/Mysql.class.php 第 52 行.
SQL: SHOW COLUMNS FROM `sk_article` [ RunTime:0.000861s ]
SQL: SELECT * FROM `sk_article` WHERE ( type='article' )  [ RunTime:0.000351s ]
SQL: SHOW COLUMNS FROM `sk_option` [ RunTime:0.000779s ]
SQL: SELECT `meta_value` FROM `sk_option` WHERE ( meta_key='theme' AND type='public' ) LIMIT 1   [ RunTime:0.000077s ]
SQL: SELECT `tag` FROM `sk_article`  [ RunTime:0.000080s ]
SQL: SELECT `meta_value` FROM `sk_option` WHERE ( meta_key='site_name' AND type='public' ) LIMIT 1   [ RunTime:0.000122s ]
INFO: [ view_filter ] --START--
INFO: Run Behavior\WriteHtmlCacheBehavior [ RunTime:0.000113s ]
INFO: [ view_filter ] --END-- [ RunTime:0.000174s ]
SQL: SELECT `tag` FROM `sk_article`  [ RunTime:0.000094s ]
NOTIC: [8] Undefined variable: nav_index /home/songkang/www/blog/Theme/default/Public/sidebar.php 第 3 行.
INFO: [ view_filter ] --START--
INFO: Run Behavior\WriteHtmlCacheBehavior [ RunTime:0.000015s ]
INFO: [ view_filter ] --END-- [ RunTime:-0.000596s ]
SQL: SELECT `tag` FROM `sk_article`  [ RunTime:0.000087s ]
INFO: [ view_filter ] --START--
INFO: Run Behavior\WriteHtmlCacheBehavior [ RunTime:0.000017s ]
INFO: [ view_filter ] --END-- [ RunTime:-0.001174s ]
INFO: [ view_filter ] --START--
INFO: Run Behavior\WriteHtmlCacheBehavior [ RunTime:0.000015s ]
INFO: [ view_filter ] --END-- [ RunTime:-0.001307s ]
INFO: [ app_end ] --START--
INFO: Run Behavior\ShowPageTraceBehavior [ RunTime:0.000074s ]
INFO: [ app_end ] --END-- [ RunTime:0.000139s ]

[ 2014-10-14T00:18:10+08:00 ] 127.0.0.1 /blog/
INFO: [ app_init ] --START--
INFO: Run Behavior\BuildLiteBehavior [ RunTime:0.000019s ]
INFO: [ app_init ] --END-- [ RunTime:0.000138s ]
INFO: [ app_begin ] --START--
INFO: Run Behavior\ReadHtmlCacheBehavior [ RunTime:0.000067s ]
INFO: [ app_begin ] --END-- [ RunTime:0.000128s ]
NOTIC: [8192] mysql_connect(): The mysql extension is deprecated and will be removed in the future: use mysqli or PDO instead /home/songkang/www/blog/ThinkPHP/Library/Think/Db/Driver/Mysql.class.php 第 52 行.
SQL: SHOW COLUMNS FROM `sk_article` [ RunTime:0.000874s ]
SQL: SELECT * FROM `sk_article` WHERE ( type='article' )  [ RunTime:0.000368s ]
SQL: SHOW COLUMNS FROM `sk_option` [ RunTime:0.000826s ]
SQL: SELECT `meta_value` FROM `sk_option` WHERE ( meta_key='theme' AND type='public' ) LIMIT 1   [ RunTime:0.000076s ]
SQL: SELECT `tag` FROM `sk_article`  [ RunTime:0.000075s ]
SQL: SELECT `meta_value` FROM `sk_option` WHERE ( meta_key='site_name' AND type='public' ) LIMIT 1   [ RunTime:0.000077s ]
INFO: [ view_filter ] --START--
INFO: Run Behavior\WriteHtmlCacheBehavior [ RunTime:0.000073s ]
INFO: [ view_filter ] --END-- [ RunTime:0.000135s ]
SQL: SELECT `tag` FROM `sk_article`  [ RunTime:0.000065s ]
NOTIC: [8] Undefined variable: nav_index /home/songkang/www/blog/Theme/default/Public/sidebar.php 第 3 行.
INFO: [ view_filter ] --START--
INFO: Run Behavior\WriteHtmlCacheBehavior [ RunTime:0.000013s ]
INFO: [ view_filter ] --END-- [ RunTime:-0.000501s ]
SQL: SELECT `tag` FROM `sk_article`  [ RunTime:0.000070s ]
INFO: [ view_filter ] --START--
INFO: Run Behavior\WriteHtmlCacheBehavior [ RunTime:0.000014s ]
INFO: [ view_filter ] --END-- [ RunTime:-0.000965s ]
INFO: [ view_filter ] --START--
INFO: Run Behavior\WriteHtmlCacheBehavior [ RunTime:0.000014s ]
INFO: [ view_filter ] --END-- [ RunTime:-0.001093s ]
INFO: [ app_end ] --START--
INFO: Run Behavior\ShowPageTraceBehavior [ RunTime:0.000063s ]
INFO: [ app_end ] --END-- [ RunTime:0.000126s ]

[ 2014-10-14T00:18:15+08:00 ] 127.0.0.1 /blog/
INFO: [ app_init ] --START--
INFO: Run Behavior\BuildLiteBehavior [ RunTime:0.000021s ]
INFO: [ app_init ] --END-- [ RunTime:0.000160s ]
INFO: [ app_begin ] --START--
INFO: Run Behavior\ReadHtmlCacheBehavior [ RunTime:0.000049s ]
INFO: [ app_begin ] --END-- [ RunTime:0.000095s ]
NOTIC: [8192] mysql_connect(): The mysql extension is deprecated and will be removed in the future: use mysqli or PDO instead /home/songkang/www/blog/ThinkPHP/Library/Think/Db/Driver/Mysql.class.php 第 52 行.
SQL: SHOW COLUMNS FROM `sk_article` [ RunTime:0.000798s ]
SQL: SELECT * FROM `sk_article` WHERE ( type='article' )  [ RunTime:0.000342s ]
SQL: SHOW COLUMNS FROM `sk_option` [ RunTime:0.000752s ]
SQL: SELECT `meta_value` FROM `sk_option` WHERE ( meta_key='theme' AND type='public' ) LIMIT 1   [ RunTime:0.000083s ]
SQL: SELECT `tag` FROM `sk_article`  [ RunTime:0.000071s ]
SQL: SELECT `meta_value` FROM `sk_option` WHERE ( meta_key='site_name' AND type='public' ) LIMIT 1   [ RunTime:0.000090s ]
INFO: [ view_filter ] --START--
INFO: Run Behavior\WriteHtmlCacheBehavior [ RunTime:0.000091s ]
INFO: [ view_filter ] --END-- [ RunTime:0.000152s ]
SQL: SELECT `tag` FROM `sk_article`  [ RunTime:0.000079s ]
NOTIC: [8] Undefined variable: nav_index /home/songkang/www/blog/Theme/default/Public/sidebar.php 第 3 行.
INFO: [ view_filter ] --START--
INFO: Run Behavior\WriteHtmlCacheBehavior [ RunTime:0.000016s ]
INFO: [ view_filter ] --END-- [ RunTime:-0.000576s ]
SQL: SELECT `tag` FROM `sk_article`  [ RunTime:0.000097s ]
INFO: [ view_filter ] --START--
INFO: Run Behavior\WriteHtmlCacheBehavior [ RunTime:0.000015s ]
INFO: [ view_filter ] --END-- [ RunTime:-0.001148s ]
INFO: [ view_filter ] --START--
INFO: Run Behavior\WriteHtmlCacheBehavior [ RunTime:0.000012s ]
INFO: [ view_filter ] --END-- [ RunTime:-0.001280s ]
INFO: [ app_end ] --START--
INFO: Run Behavior\ShowPageTraceBehavior [ RunTime:0.000083s ]
INFO: [ app_end ] --END-- [ RunTime:0.000148s ]

[ 2014-10-14T00:18:23+08:00 ] 127.0.0.1 /blog/
INFO: [ app_init ] --START--
INFO: Run Behavior\BuildLiteBehavior [ RunTime:0.000021s ]
INFO: [ app_init ] --END-- [ RunTime:0.000141s ]
INFO: [ app_begin ] --START--
INFO: Run Behavior\ReadHtmlCacheBehavior [ RunTime:0.000072s ]
INFO: [ app_begin ] --END-- [ RunTime:0.000141s ]
NOTIC: [8192] mysql_connect(): The mysql extension is deprecated and will be removed in the future: use mysqli or PDO instead /home/songkang/www/blog/ThinkPHP/Library/Think/Db/Driver/Mysql.class.php 第 52 行.
SQL: SHOW COLUMNS FROM `sk_article` [ RunTime:0.000709s ]
SQL: SELECT * FROM `sk_article` WHERE ( type='article' )  [ RunTime:0.000390s ]
SQL: SHOW COLUMNS FROM `sk_option` [ RunTime:0.000830s ]
SQL: SELECT `meta_value` FROM `sk_option` WHERE ( meta_key='theme' AND type='public' ) LIMIT 1   [ RunTime:0.000145s ]
SQL: SELECT `tag` FROM `sk_article`  [ RunTime:0.000145s ]
SQL: SELECT `meta_value` FROM `sk_option` WHERE ( meta_key='site_name' AND type='public' ) LIMIT 1   [ RunTime:0.000081s ]
INFO: [ view_filter ] --START--
INFO: Run Behavior\WriteHtmlCacheBehavior [ RunTime:0.000064s ]
INFO: [ view_filter ] --END-- [ RunTime:0.000124s ]
SQL: SELECT `tag` FROM `sk_article`  [ RunTime:0.000080s ]
NOTIC: [8] Undefined variable: nav_index /home/songkang/www/blog/Theme/default/Public/sidebar.php 第 3 行.
INFO: [ view_filter ] --START--
INFO: Run Behavior\WriteHtmlCacheBehavior [ RunTime:0.000012s ]
INFO: [ view_filter ] --END-- [ RunTime:-0.000473s ]
SQL: SELECT `tag` FROM `sk_article`  [ RunTime:0.000077s ]
INFO: [ view_filter ] --START--
INFO: Run Behavior\WriteHtmlCacheBehavior [ RunTime:0.000013s ]
INFO: [ view_filter ] --END-- [ RunTime:-0.000910s ]
INFO: [ view_filter ] --START--
INFO: Run Behavior\WriteHtmlCacheBehavior [ RunTime:0.000011s ]
INFO: [ view_filter ] --END-- [ RunTime:-0.001020s ]
INFO: [ app_end ] --START--
INFO: Run Behavior\ShowPageTraceBehavior [ RunTime:0.000057s ]
INFO: [ app_end ] --END-- [ RunTime:0.000113s ]

[ 2014-10-14T00:23:17+08:00 ] 127.0.0.1 /blog/
INFO: [ app_init ] --START--
INFO: Run Behavior\BuildLiteBehavior [ RunTime:0.000020s ]
INFO: [ app_init ] --END-- [ RunTime:0.000146s ]
INFO: [ app_begin ] --START--
INFO: Run Behavior\ReadHtmlCacheBehavior [ RunTime:0.000073s ]
INFO: [ app_begin ] --END-- [ RunTime:0.000142s ]
NOTIC: [8192] mysql_connect(): The mysql extension is deprecated and will be removed in the future: use mysqli or PDO instead /home/songkang/www/blog/ThinkPHP/Library/Think/Db/Driver/Mysql.class.php 第 52 行.
SQL: SHOW COLUMNS FROM `sk_article` [ RunTime:0.000976s ]
SQL: SELECT * FROM `sk_article` WHERE ( type='article' )  [ RunTime:0.000393s ]
SQL: SHOW COLUMNS FROM `sk_option` [ RunTime:0.000763s ]
SQL: SELECT `meta_value` FROM `sk_option` WHERE ( meta_key='theme' AND type='public' ) LIMIT 1   [ RunTime:0.000082s ]
SQL: SELECT `tag` FROM `sk_article`  [ RunTime:0.000080s ]
SQL: SELECT `meta_value` FROM `sk_option` WHERE ( meta_key='site_name' AND type='public' ) LIMIT 1   [ RunTime:0.000074s ]
INFO: [ view_filter ] --START--
INFO: Run Behavior\WriteHtmlCacheBehavior [ RunTime:0.000080s ]
INFO: [ view_filter ] --END-- [ RunTime:0.000144s ]
SQL: SELECT `tag` FROM `sk_article`  [ RunTime:0.000096s ]
NOTIC: [8] Undefined variable: nav_index /home/songkang/www/blog/Theme/default/Public/sidebar.php 第 3 行.
INFO: [ view_filter ] --START--
INFO: Run Behavior\WriteHtmlCacheBehavior [ RunTime:0.000020s ]
INFO: [ view_filter ] --END-- [ RunTime:-0.000612s ]
SQL: SELECT `tag` FROM `sk_article`  [ RunTime:0.000098s ]
INFO: [ view_filter ] --START--
INFO: Run Behavior\WriteHtmlCacheBehavior [ RunTime:0.000017s ]
INFO: [ view_filter ] --END-- [ RunTime:-0.001239s ]
INFO: [ view_filter ] --START--
INFO: Run Behavior\WriteHtmlCacheBehavior [ RunTime:0.000014s ]
INFO: [ view_filter ] --END-- [ RunTime:-0.001379s ]
INFO: [ app_end ] --START--
INFO: Run Behavior\ShowPageTraceBehavior [ RunTime:0.000077s ]
INFO: [ app_end ] --END-- [ RunTime:0.000141s ]

